<?xml version="1.0" encoding="UTF-8"?>
<testng-results skipped="0" failed="0" ignored="0" total="1" passed="1">
  <reporter-output>
  </reporter-output>
  <suite name="Suite1" duration-ms="14228" started-at="2020-05-23T07:55:47Z" finished-at="2020-05-23T07:56:01Z">
    <groups>
    </groups>
    <test name="Regression1" duration-ms="14228" started-at="2020-05-23T07:55:47Z" finished-at="2020-05-23T07:56:01Z">
      <class name="GoogleSearch">
        <test-method status="PASS" signature="GoogleSearch()[pri:0, instance:GoogleSearch@6d3af739]" name="GoogleSearch" duration-ms="14204" started-at="2020-05-23T07:55:47Z" finished-at="2020-05-23T07:56:01Z">
          <reporter-output>
          </reporter-output>
        </test-method> <!-- GoogleSearch -->
      </class> <!-- GoogleSearch -->
    </test> <!-- Regression1 -->
  </suite> <!-- Suite1 -->
</testng-results>
