<?xml version="1.0" encoding="UTF-8"?>
<testng-results skipped="0" failed="0" ignored="0" total="1" passed="1">
  <reporter-output>
  </reporter-output>
  <suite name="Default suite" duration-ms="11255" started-at="2020-05-31T18:16:44Z" finished-at="2020-05-31T18:16:56Z">
    <groups>
    </groups>
    <test name="Default test" duration-ms="11255" started-at="2020-05-31T18:16:44Z" finished-at="2020-05-31T18:16:56Z">
      <class name="GoogleSearch">
        <test-method status="PASS" signature="GoogleSearch()[pri:0, instance:GoogleSearch@667a738]" name="GoogleSearch" duration-ms="11229" started-at="2020-05-31T18:16:44Z" finished-at="2020-05-31T18:16:56Z">
          <reporter-output>
          </reporter-output>
        </test-method> <!-- GoogleSearch -->
      </class> <!-- GoogleSearch -->
    </test> <!-- Default test -->
  </suite> <!-- Default suite -->
</testng-results>
